<?xml version="1.0" encoding="UTF-8"?>
<testng-results total="1" passed="0" failed="1" skipped="0">
  <reporter-output>
  </reporter-output>
  <suite started-at="2021-04-21T16:14:55Z" name="Default suite" finished-at="2021-04-21T16:14:59Z" duration-ms="4253">
    <groups>
    </groups>
    <test started-at="2021-04-21T16:14:55Z" name="Default test" finished-at="2021-04-21T16:14:59Z" duration-ms="4253">
      <class name="com.automation.selenium.popups.reports.DynamicReports">
        <test-method is-config="true" signature="method()[pri:0, instance:com.automation.selenium.popups.reports.DynamicReports@16b2bb0c]" started-at="2021-04-21T21:44:55Z" name="method" finished-at="2021-04-21T21:44:55Z" duration-ms="4" status="PASS">
          <reporter-output>
          </reporter-output>
        </test-method> <!-- method -->
        <test-method signature="GmailTest()[pri:0, instance:com.automation.selenium.popups.reports.DynamicReports@16b2bb0c]" started-at="2021-04-21T21:44:55Z" name="GmailTest" finished-at="2021-04-21T21:44:58Z" duration-ms="2708" status="FAIL">
          <exception class="java.lang.AssertionError">
            <message>
              <![CDATA[expected:<false> but was:<true>]]>
            </message>
            <full-stacktrace>
              <![CDATA[java.lang.AssertionError: expected:<false> but was:<true>
	at org.junit.Assert.fail(Assert.java:88)
	at org.junit.Assert.failNotEquals(Assert.java:834)
	at org.junit.Assert.assertEquals(Assert.java:118)
	at org.junit.Assert.assertEquals(Assert.java:144)
	at com.automation.selenium.popups.reports.DynamicReports.GmailTest(DynamicReports.java:54)
	at java.base/jdk.internal.reflect.NativeMethodAccessorImpl.invoke0(Native Method)
	at java.base/jdk.internal.reflect.NativeMethodAccessorImpl.invoke(NativeMethodAccessorImpl.java:64)
	at java.base/jdk.internal.reflect.DelegatingMethodAccessorImpl.invoke(DelegatingMethodAccessorImpl.java:43)
	at java.base/java.lang.reflect.Method.invoke(Method.java:564)
	at org.testng.internal.MethodInvocationHelper.invokeMethod(MethodInvocationHelper.java:85)
	at org.testng.internal.Invoker.invokeMethod(Invoker.java:639)
	at org.testng.internal.Invoker.invokeTestMethod(Invoker.java:816)
	at org.testng.internal.Invoker.invokeTestMethods(Invoker.java:1124)
	at org.testng.internal.TestMethodWorker.invokeTestMethods(TestMethodWorker.java:125)
	at org.testng.internal.TestMethodWorker.run(TestMethodWorker.java:108)
	at org.testng.TestRunner.privateRun(TestRunner.java:774)
	at org.testng.TestRunner.run(TestRunner.java:624)
	at org.testng.SuiteRunner.runTest(SuiteRunner.java:359)
	at org.testng.SuiteRunner.runSequentially(SuiteRunner.java:354)
	at org.testng.SuiteRunner.privateRun(SuiteRunner.java:312)
	at org.testng.SuiteRunner.run(SuiteRunner.java:261)
	at org.testng.SuiteRunnerWorker.runSuite(SuiteRunnerWorker.java:52)
	at org.testng.SuiteRunnerWorker.run(SuiteRunnerWorker.java:86)
	at org.testng.TestNG.runSuitesSequentially(TestNG.java:1215)
	at org.testng.TestNG.runSuitesLocally(TestNG.java:1140)
	at org.testng.TestNG.run(TestNG.java:1048)
	at org.testng.remote.AbstractRemoteTestNG.run(AbstractRemoteTestNG.java:115)
	at org.testng.remote.RemoteTestNG.initAndRun(RemoteTestNG.java:251)
	at org.testng.remote.RemoteTestNG.main(RemoteTestNG.java:77)
]]>
            </full-stacktrace>
          </exception> <!-- java.lang.AssertionError -->
          <reporter-output>
          </reporter-output>
        </test-method> <!-- GmailTest -->
        <test-method is-config="true" signature="display(org.testng.ITestResult)[pri:0, instance:com.automation.selenium.popups.reports.DynamicReports@16b2bb0c]" started-at="2021-04-21T21:44:58Z" name="display" finished-at="2021-04-21T21:44:59Z" duration-ms="1522" status="PASS">
          <params>
            <param index="0">
              <value>
                <![CDATA[[TestResult name=GmailTest status=FAILURE method=DynamicReports.GmailTest()[pri:0, instance:com.automation.selenium.popups.reports.DynamicReports@16b2bb0c] output={null}]]]>
              </value>
            </param>
          </params>
          <reporter-output>
          </reporter-output>
        </test-method> <!-- display -->
      </class> <!-- com.automation.selenium.popups.reports.DynamicReports -->
    </test> <!-- Default test -->
  </suite> <!-- Default suite -->
</testng-results>
